Removed Pin From Net: NetName=+5Â Pin=SA1-2
Removed Member From Class: ClassName=Ý3_diplom Member=SA1
Change Component Footprint: Designator=SW1 Old Footprint=Button New Footprint=BUT: SMD 6x6 H4.3
Change Component Footprint: Designator=SW2 Old Footprint=Button New Footprint=BUT: SMD 6x6 H4.3
Change Component Footprint: Designator=DA1 Old Footprint=SOT23_P New Footprint=SOT-23
Change Component Footprint: Designator=VT1 Old Footprint=SOT23_P New Footprint=SOT-23
Change Component Footprint: Designator=VT2 Old Footprint=SOT23_P New Footprint=SOT-23
Change Component Designator: OldDesignator=C1 NewDesignator=C6
Change Component Designator: OldDesignator=C3 NewDesignator=C5
Change Component Designator: OldDesignator=C4 NewDesignator=C7
Change Component Designator: OldDesignator=C5 NewDesignator=C3
Change Component Designator: OldDesignator=C6 NewDesignator=C1
Change Component Designator: OldDesignator=C7 NewDesignator=C4
Change Component Designator: OldDesignator=C11 NewDesignator=C12
Change Component Designator: OldDesignator=C12 NewDesignator=C11
Change Component Designator: OldDesignator=DD2 NewDesignator=DD3
Change Component Designator: OldDesignator=DD3 NewDesignator=DD2
Change Component Designator: OldDesignator=R1 NewDesignator=R2
Change Component Designator: OldDesignator=R2 NewDesignator=R3
Change Component Designator: OldDesignator=R3 NewDesignator=R4
Change Component Designator: OldDesignator=R4 NewDesignator=R1
Change Component Designator: OldDesignator=SW1 NewDesignator=SW3
Change Component Designator: OldDesignator=SW2 NewDesignator=SW1
Change Component Designator: OldDesignator=VD1 NewDesignator=VD3
Change Component Designator: OldDesignator=VD3 NewDesignator=VD4
Change Component Designator: OldDesignator=VD4 NewDesignator=VD1
Added Component: Designator=SW2(BUT: MTS-102)
Add component (AddParameter): Name = "Manufacturer"; Value = "Jietong Switch"; VariantName = "[No Variations]"
Add component (AddParameter): Name = "Package"; Value = "MTC-102-A3"; VariantName = "[No Variations]"
Add component (AddParameter): Name = "PartNumber"; Value = "MTC-102"; VariantName = "[No Variations]"
Added Pin To Net: NetName=+5Â Pin=SW2-2
Added Pin To Net: NetName=GND Pin=SW2-3
Change Net Name : Old Net Name=NetC1_1 New Net Name=NetC6_1
Change Net Name : Old Net Name=NetC2_2 New Net Name=NetC1_1
Change Net Name : Old Net Name=NetC11_1 New Net Name=NetC12_1
Change Net Name : Old Net Name=NetDD2_9 New Net Name=NetDD3_9
Change Net Name : Old Net Name=NetDD3_4 New Net Name=NetDD2_4
Change Net Name : Old Net Name=NetDD3_5 New Net Name=NetDD2_5
Change Net Name : Old Net Name=NetDD3_8 New Net Name=NetDD2_8
Change Net Name : Old Net Name=NetDD3_9 New Net Name=NetDD2_9
Change Net Name : Old Net Name=NetDD3_11 New Net Name=NetDD2_11
Change Net Name : Old Net Name=NetR1_2 New Net Name=NetR2_2
Change Net Name : Old Net Name=NetR2_2 New Net Name=NetR3_2
Change Net Name : Old Net Name=NetR3_2 New Net Name=NetR4_2
Change Net Color : Old Net Color=Gray New Net Color=Black
Change Net Color : Old Net Color=Gray New Net Color=Black
Change Net Color : Old Net Color=Gray New Net Color=Black
Change Net Color : Old Net Color=Gray New Net Color=Black
Change Net Color : Old Net Color=Gray New Net Color=Black
Change Net Color : Old Net Color=Gray New Net Color=Black
Change Net Color : Old Net Color=Gray New Net Color=Black
Change Net Color : Old Net Color=Gray New Net Color=Black
Change Net Color : Old Net Color=Gray New Net Color=Black
Change Net Color : Old Net Color=Gray New Net Color=Black
Change Net Color : Old Net Color=Gray New Net Color=Black
Change Net Color : Old Net Color=Gray New Net Color=Black
Added Pin To Net: NetName=NetSW2_1 Pin=SW2-1
Added Pin To Net: NetName=NetSW2_1 Pin=XS1-1
Added Net: Name=NetSW2_1
Added Member To Class: ClassName=Ý3_diplom Member=Component DA1 AP2138N
Added Member To Class: ClassName=Ý3_diplom Member=Component SW2 Switch ON-ON
Added Member To Class: ClassName=Ý3_diplom Member=Component SW3 Button
