Removed Pin From Net: NetName=+3.3Â Pin=C4-1
Removed Pin From Net: NetName=GND Pin=C4-2
Removed Pin From Net: NetName=GND Pin=DD1-41
Removed Pin From Net: NetName=GND Pin=DD1-41
Removed Pin From Net: NetName=GND Pin=DD1-41
Removed Pin From Net: NetName=GND Pin=DD1-41
Removed Pin From Net: NetName=GND Pin=DD1-41
Removed Pin From Net: NetName=GND Pin=DD1-41
Removed Pin From Net: NetName=GND Pin=DD1-41
Removed Pin From Net: NetName=GND Pin=DD1-41
Removed Pin From Net: NetName=GND Pin=DD1-41
Removed Pin From Net: NetName=GND Pin=SW2-4
Removed Pin From Net: NetName=GND Pin=SW2-5
Change Component Footprint: Designator=XS1 Old Footprint=1850 holder New Footprint=Li-Po
Change Component Designator: OldDesignator=C5 NewDesignator=C4
Change Component Designator: OldDesignator=C6 NewDesignator=C5
Change Component Designator: OldDesignator=C7 NewDesignator=C6
Change Component Designator: OldDesignator=C8 NewDesignator=C7
Change Component Designator: OldDesignator=C9 NewDesignator=C8
Change Component Designator: OldDesignator=C10 NewDesignator=C9
Change Component Designator: OldDesignator=C11 NewDesignator=C10
Change Component Designator: OldDesignator=C12 NewDesignator=C11
Change Component Designator: OldDesignator=C13 NewDesignator=C12
Change Net Name : Old Net Name=NetC6_1 New Net Name=NetC5_1
Change Net Name : Old Net Name=NetC8_1 New Net Name=NetC7_1
Change Net Name : Old Net Name=NetC9_1 New Net Name=NetC8_1
Change Net Name : Old Net Name=NetC12_1 New Net Name=NetC11_1
Change Net Name : Old Net Name=NetC13_1 New Net Name=NetC12_1
Change Net Color : Old Net Color=RGB(176, 176, 176) New Net Color=Black
Change Net Color : Old Net Color=RGB(176, 176, 176) New Net Color=Black
Change Net Color : Old Net Color=RGB(176, 176, 176) New Net Color=Black
Change Net Color : Old Net Color=RGB(176, 176, 176) New Net Color=Black
Change Net Color : Old Net Color=RGB(176, 176, 176) New Net Color=Black
Change Net Color : Old Net Color=RGB(176, 176, 176) New Net Color=Black
Change Net Color : Old Net Color=RGB(176, 176, 176) New Net Color=Black
Change Net Color : Old Net Color=RGB(176, 176, 176) New Net Color=Black
Change Net Color : Old Net Color=RGB(176, 176, 176) New Net Color=Black
Change Net Color : Old Net Color=RGB(176, 176, 176) New Net Color=Black
Change Net Color : Old Net Color=RGB(176, 176, 176) New Net Color=Black
Added Member To Class: ClassName=Ý3_diplom Member=Component C4 =Value
Added Member To Class: ClassName=Ý3_diplom Member=Component C5 =Value
Added Member To Class: ClassName=Ý3_diplom Member=Component C11 =Value
Added Member To Class: ClassName=Ý3_diplom Member=Component DD2 CP2102
Added Member To Class: ClassName=Ý3_diplom Member=Component R1 =Value
Added Member To Class: ClassName=Ý3_diplom Member=Component R3 =Value
Added Member To Class: ClassName=Ý3_diplom Member=Component SW1 Button
Added Member To Class: ClassName=Ý3_diplom Member=Component SW2 Switch ON-ON
Added Member To Class: ClassName=Ý3_diplom Member=Component VD1
Added Member To Class: ClassName=Ý3_diplom Member=Component VD3 Stab
