Replace Part C? Cap in Z:\diplom\PCB_Project\Ý3_diplom.SchDoc with Cap from diplom.SchLib
Replace Part C? Cap in Z:\diplom\PCB_Project\Ý3_diplom.SchDoc with Cap from diplom.SchLib
Replace Part C? Cap in Z:\diplom\PCB_Project\Ý3_diplom.SchDoc with Cap from diplom.SchLib
Replace Part C? Cap in Z:\diplom\PCB_Project\Ý3_diplom.SchDoc with Cap from diplom.SchLib
Replace Part C? Cap in Z:\diplom\PCB_Project\Ý3_diplom.SchDoc with Cap from diplom.SchLib
Replace Part C? Cap in Z:\diplom\PCB_Project\Ý3_diplom.SchDoc with Cap from diplom.SchLib
Replace Part C? Cap in Z:\diplom\PCB_Project\Ý3_diplom.SchDoc with Cap from diplom.SchLib
Replace Part C? Cap in Z:\diplom\PCB_Project\Ý3_diplom.SchDoc with Cap from diplom.SchLib
Replace Part C? Cap in Z:\diplom\PCB_Project\Ý3_diplom.SchDoc with Cap from diplom.SchLib
Replace Part DD? ESP32-WROVER-B in Z:\diplom\PCB_Project\Ý3_diplom.SchDoc with ESP32-WROVER-B from diplom.SchLib
Replace Part DD? MPU-6050 in Z:\diplom\PCB_Project\Ý3_diplom.SchDoc with MPU-6050 from diplom.SchLib
Replace Part DD? CP2102 in Z:\diplom\PCB_Project\Ý3_diplom.SchDoc with CP2102 from diplom.SchLib
Replace Part R? res in Z:\diplom\PCB_Project\Ý3_diplom.SchDoc with res from diplom.SchLib
Replace Part R? res in Z:\diplom\PCB_Project\Ý3_diplom.SchDoc with res from diplom.SchLib
Replace Part R? res in Z:\diplom\PCB_Project\Ý3_diplom.SchDoc with res from diplom.SchLib
Replace Part R? res in Z:\diplom\PCB_Project\Ý3_diplom.SchDoc with res from diplom.SchLib
Replace Part R? res in Z:\diplom\PCB_Project\Ý3_diplom.SchDoc with res from diplom.SchLib
Replace Part R? res in Z:\diplom\PCB_Project\Ý3_diplom.SchDoc with res from diplom.SchLib
Replace Part R? res in Z:\diplom\PCB_Project\Ý3_diplom.SchDoc with res from diplom.SchLib
Replace Part R? res in Z:\diplom\PCB_Project\Ý3_diplom.SchDoc with res from diplom.SchLib
Replace Part R? res in Z:\diplom\PCB_Project\Ý3_diplom.SchDoc with res from diplom.SchLib
Replace Part R? res in Z:\diplom\PCB_Project\Ý3_diplom.SchDoc with res from diplom.SchLib
Replace Part SW? Button in Z:\diplom\PCB_Project\Ý3_diplom.SchDoc with Button from diplom.SchLib
Replace Part SW? Button in Z:\diplom\PCB_Project\Ý3_diplom.SchDoc with Button from diplom.SchLib
Replace Part VD? Stab in Z:\diplom\PCB_Project\Ý3_diplom.SchDoc with Stab from diplom.SchLib
Replace Part VD? LED in Z:\diplom\PCB_Project\Ý3_diplom.SchDoc with LED from diplom.SchLib
Replace Part VD? Suppressor-Bi in Z:\diplom\PCB_Project\Ý3_diplom.SchDoc with Suppressor-Bi from diplom.SchLib
Replace Part VD? Suppressor-Bi in Z:\diplom\PCB_Project\Ý3_diplom.SchDoc with Suppressor-Bi from diplom.SchLib
Replace Part VD? Suppressor-Bi in Z:\diplom\PCB_Project\Ý3_diplom.SchDoc with Suppressor-Bi from diplom.SchLib
Replace Part VT? BJT-NPN in Z:\diplom\PCB_Project\Ý3_diplom.SchDoc with BJT-NPN from diplom.SchLib
Replace Part VT? BJT-NPN in Z:\diplom\PCB_Project\Ý3_diplom.SchDoc with BJT-NPN from diplom.SchLib
Replace Part XS? bat in Z:\diplom\PCB_Project\Ý3_diplom.SchDoc with bat from diplom.SchLib
