Replace Part C1 Cap in Z:\diplom\PCB_Project\Ý3_diplom.SchDoc with Cap from diplom.SchLib
Replace Part C2 Cap in Z:\diplom\PCB_Project\Ý3_diplom.SchDoc with Cap from diplom.SchLib
Replace Part C3 Cap in Z:\diplom\PCB_Project\Ý3_diplom.SchDoc with Cap from diplom.SchLib
Replace Part C4 Cap in Z:\diplom\PCB_Project\Ý3_diplom.SchDoc with Cap from diplom.SchLib
Replace Part C5 Cap in Z:\diplom\PCB_Project\Ý3_diplom.SchDoc with Cap from diplom.SchLib
Replace Part C6 Cap in Z:\diplom\PCB_Project\Ý3_diplom.SchDoc with Cap from diplom.SchLib
Replace Part C7 Cap in Z:\diplom\PCB_Project\Ý3_diplom.SchDoc with Cap from diplom.SchLib
Replace Part C? Cap in Z:\diplom\PCB_Project\Ý3_diplom.SchDoc with Cap from diplom.SchLib
Replace Part C? Cap in Z:\diplom\PCB_Project\Ý3_diplom.SchDoc with Cap from diplom.SchLib
Replace Part DA1 DC-DC 3.3V in Z:\diplom\PCB_Project\Ý3_diplom.SchDoc with DC-DC 3.3V from diplom.SchLib
Replace Part DD1 ESP32-WROVER-B in Z:\diplom\PCB_Project\Ý3_diplom.SchDoc with ESP32-WROVER-B from diplom.SchLib
Replace Part DD2 MPU-6050 in Z:\diplom\PCB_Project\Ý3_diplom.SchDoc with MPU-6050 from diplom.SchLib
Replace Part DD3 CP2102 in Z:\diplom\PCB_Project\Ý3_diplom.SchDoc with CP2102 from diplom.SchLib
Replace Part R1 res in Z:\diplom\PCB_Project\Ý3_diplom.SchDoc with res from diplom.SchLib
Replace Part R2 res in Z:\diplom\PCB_Project\Ý3_diplom.SchDoc with res from diplom.SchLib
Replace Part R3 res in Z:\diplom\PCB_Project\Ý3_diplom.SchDoc with res from diplom.SchLib
Replace Part R4 res in Z:\diplom\PCB_Project\Ý3_diplom.SchDoc with res from diplom.SchLib
Replace Part R? res in Z:\diplom\PCB_Project\Ý3_diplom.SchDoc with res from diplom.SchLib
Replace Part R? res in Z:\diplom\PCB_Project\Ý3_diplom.SchDoc with res from diplom.SchLib
Replace Part R? res in Z:\diplom\PCB_Project\Ý3_diplom.SchDoc with res from diplom.SchLib
Replace Part R? res in Z:\diplom\PCB_Project\Ý3_diplom.SchDoc with res from diplom.SchLib
Replace Part SA1 SW-01x-01p in Z:\diplom\PCB_Project\Ý3_diplom.SchDoc with SW-01x-01p from diplom.SchLib
Replace Part SW1 Button in Z:\diplom\PCB_Project\Ý3_diplom.SchDoc with Button from diplom.SchLib
Replace Part SW2 Button in Z:\diplom\PCB_Project\Ý3_diplom.SchDoc with Button from diplom.SchLib
Replace Part VD4 LED in Z:\diplom\PCB_Project\Ý3_diplom.SchDoc with LED from diplom.SchLib
Replace Part VD? Suppressor-Bi in Z:\diplom\PCB_Project\Ý3_diplom.SchDoc with Suppressor-Bi from diplom.SchLib
Replace Part VD? Stab in Z:\diplom\PCB_Project\Ý3_diplom.SchDoc with Stab from diplom.SchLib
Replace Part VD? Suppressor-Bi in Z:\diplom\PCB_Project\Ý3_diplom.SchDoc with Suppressor-Bi from diplom.SchLib
Replace Part VD? Suppressor-Bi in Z:\diplom\PCB_Project\Ý3_diplom.SchDoc with Suppressor-Bi from diplom.SchLib
Replace Part VT1 BJT-NPN in Z:\diplom\PCB_Project\Ý3_diplom.SchDoc with BJT-NPN from diplom.SchLib
Replace Part VT2 BJT-NPN in Z:\diplom\PCB_Project\Ý3_diplom.SchDoc with BJT-NPN from diplom.SchLib
Replace Part XS1 bat in Z:\diplom\PCB_Project\Ý3_diplom.SchDoc with bat from diplom.SchLib
Replace Part XS? Micro USB in Z:\diplom\PCB_Project\Ý3_diplom.SchDoc with Micro USB from diplom.SchLib
