Change Component Designator: Old Designator=C1 New Designator=C6
Change Component Designator: Old Designator=C3 New Designator=C5
Change Component Designator: Old Designator=C4 New Designator=C7
Change Component Designator: Old Designator=C5 New Designator=C3
Change Component Designator: Old Designator=C6 New Designator=C1
Change Component Designator: Old Designator=C7 New Designator=C4
Change Component Designator: Old Designator=C11 New Designator=C12
Change Component Designator: Old Designator=C12 New Designator=C11
Change Component Designator: Old Designator=DD2 New Designator=DD3
Change Component Designator: Old Designator=DD3 New Designator=DD2
Change Component Designator: Old Designator=R1 New Designator=R2
Change Component Designator: Old Designator=R2 New Designator=R3
Change Component Designator: Old Designator=R3 New Designator=R4
Change Component Designator: Old Designator=R4 New Designator=R1
Change Component Designator: Old Designator=SW1 New Designator=SW2
Change Component Designator: Old Designator=SW1 New Designator=SW3
Change Component Designator: Old Designator=SW2 New Designator=SW1
Change Component Designator: Old Designator=VD1 New Designator=VD3
Change Component Designator: Old Designator=VD3 New Designator=VD4
Change Component Designator: Old Designator=VD4 New Designator=VD1
