Транслятор STEP в Solid Edge
Дата: суббота,Июнь 07,2025 12:00
Исходный файл: Z:\diplom\tech docs\тепловой анализ\Устройство в сборе.stp
Автор: UNSPECIFIED
Организация: UNSPECIFIED
Исходная система: C3D Toolkit

Оборудование:
Процессор: Intel(R) Core(TM) i5-10300H CPU @ 2.50GHz
Операционная система: Windows 10 Professional
Установленная память: 7.87 GB

Информация о программе
Версия Parasolid: 34.0.153
Версия PSBodyShop: 34.0.110
Версия Step Adapter: 9.0.104
Версия Solid Edge: 222.00.14.003 x64

Параметры импорта STEP
Импорт — фасетные тела: Включить
Импорт — проверить тела: Выключить
Импорт — кривые: Включить
Импорт — не сохранено: Включить
Импорт — множество тел как одна деталь: Включить
Импорт — сшить поверхности: Включить
Импорт — булевы тела: Включить
Создание исходного тела: Включить
Упрощение геометрии: Включить
Импорт — наложить кривые: Включить
Импорт — диск: C:
Импорт — сшить поверхности: Включить
Импорт — поверхности: Включить
Импорт — папка вывода: Z:\diplom\tech docs\тепловой анализ
Импорт — разрешить папку вывода по умолчанию: Включить
Импортировать атрибуты модели: Выключить
Импортировать как внутренние компоненты: Выключить
Импорт — папка: 

Преобразование в типы данных Parasolid...
Warn: PSF_INVALID_COLORS
Warn: PSF_INVALID_COLORS
Warn: PSF_INVALID_COLORS
Warn: PSF_INVALID_COLORS
Warn: PSF_INVALID_COLORS
Warn: PSF_INVALID_COLORS
Warn: PSF_INVALID_COLORS
Warn: PSF_INVALID_COLORS
Warn: PSF_INVALID_COLORS
Warn: PSF_INVALID_COLORS
Warn: PSF_INVALID_COLORS
Warn: PSF_INVALID_COLORS
Warn: PSF_INVALID_COLORS
Warn: PSF_INVALID_COLORS
Warn: PSF_INVALID_COLORS
Warn: PSF_INVALID_COLORS
+Сборка начата: 1
+Создание сборки SE Z:\diplom\tech docs\тепловой анализ\Устройство в сборе.asm
|--+Сборка начата: 2
|--+Создание сборки SE Z:\diplom\tech docs\тепловой анализ\Деталь.asm
|  |--+Создание детали SE Z:\diplom\tech docs\тепловой анализ\Деталь.par
|  |--+Сборка начата: 3
|  |--+Создание сборки SE Z:\diplom\tech docs\тепловой анализ\PCB.asm
|  |  |--+Сборка начата: 4
|  |  |--+Создание сборки SE Z:\diplom\tech docs\тепловой анализ\Board.asm
|  |  |  |--+Создание детали SE Z:\diplom\tech docs\тепловой анализ\Open CASCADE STEP translator 6.8 1.1.1.par
|  |  |--+Всего деталей: 2
|  |  |--+Сборок: 0
|  |  |--+Твердых тел: 2
|  |  |--+Листовых тел: 0
|  |  |--+Сборка завершена: 4
|  |  |--+Сборка начата: 4
|  |  |--+Создание сборки SE Z:\diplom\tech docs\тепловой анализ\XS1.asm
|  |  |  |--+Сборка начата: 5
|  |  |  |--+Создание сборки SE Z:\diplom\tech docs\тепловой анализ\JST_2.54X2P.asm
|  |  |  |  |--+Создание детали SE Z:\diplom\tech docs\тепловой анализ\JST_2p.par
|  |  |  |--+Всего деталей: 2
|  |  |  |--+Сборок: 0
|  |  |  |--+Твердых тел: 2
|  |  |  |--+Листовых тел: 0
|  |  |  |--+Сборка завершена: 5
|  |  |--+Всего деталей: 1
|  |  |--+Сборок: 1
|  |  |--+Твердых тел: 0
|  |  |--+Листовых тел: 0
|  |  |--+Сборка завершена: 4
|  |  |--+Сборка начата: 4
|  |  |--+Создание сборки SE Z:\diplom\tech docs\тепловой анализ\SW2.asm
|  |  |  |--+Сборка начата: 5
|  |  |  |--+Создание сборки SE Z:\diplom\tech docs\тепловой анализ\MTS-102-blue.asm
|  |  |  |  |--+Создание детали SE Z:\diplom\tech docs\тепловой анализ\MTS-1xx-Base.par
|  |  |  |  |--+Создание детали SE Z:\diplom\tech docs\тепловой анализ\MTS-1xx-Handle.par
|  |  |  |  |--+Создание детали SE Z:\diplom\tech docs\тепловой анализ\MTS-1xx-Contact.par
|  |  |  |  |--+Создание детали SE Z:\diplom\tech docs\тепловой анализ\MTS-1xx-Pin.par
|  |  |  |  |--+Создание детали SE Z:\diplom\tech docs\тепловой анализ\MTS-1xx-Terminal3.par
|  |  |  |  |--+Создание детали SE Z:\diplom\tech docs\тепловой анализ\MTS-1xx-Housing.par
|  |  |  |--+Всего деталей: 26
|  |  |  |--+Сборок: 0
|  |  |  |--+Твердых тел: 26
|  |  |  |--+Листовых тел: 0
|  |  |  |--+Сборка завершена: 5
|  |  |--+Всего деталей: 1
|  |  |--+Сборок: 1
|  |  |--+Твердых тел: 0
|  |  |--+Листовых тел: 0
|  |  |--+Сборка завершена: 4
|  |  |--+Сборка начата: 4
|  |  |--+Создание сборки SE Z:\diplom\tech docs\тепловой анализ\SW3.asm
|  |  |  |--+Создание детали SE Z:\diplom\tech docs\тепловой анализ\TS6-SMT_H-4.3.par
|  |  |--+Всего деталей: 14
|  |  |--+Сборок: 0
|  |  |--+Твердых тел: 14
|  |  |--+Листовых тел: 0
|  |  |--+Сборка завершена: 4
|  |  |--+Сборка начата: 4
|  |  |--+Создание сборки SE Z:\diplom\tech docs\тепловой анализ\XS2.asm
|  |  |  |--+Создание детали SE Z:\diplom\tech docs\тепловой анализ\FCI_10118192.par
|  |  |--+Всего деталей: 12
|  |  |--+Сборок: 0
|  |  |--+Твердых тел: 2
|  |  |--+Листовых тел: 10
|  |  |--+Сборка завершена: 4
|  |  |--+Сборка начата: 4
|  |  |--+Создание сборки SE Z:\diplom\tech docs\тепловой анализ\VT2.asm
|  |  |  |--+Сборка начата: 5
|  |  |  |--+Создание сборки SE Z:\diplom\tech docs\тепловой анализ\6126846896.asm
|  |  |  |  |--+Сборка начата: 6
|  |  |  |  |--+Создание сборки SE Z:\diplom\tech docs\тепловой анализ\Body.asm
|  |  |  |  |  |--+Создание детали SE Z:\diplom\tech docs\тепловой анализ\Open_CASCADE_STEP_translator_6.8_8.1.1.par
|  |  |  |  |--+Всего деталей: 2
|  |  |  |  |--+Сборок: 0
|  |  |  |  |--+Твердых тел: 2
|  |  |  |  |--+Листовых тел: 0
|  |  |  |  |--+Сборка завершена: 6
|  |  |  |  |--+Создание детали SE Z:\diplom\tech docs\тепловой анализ\Leader.par
|  |  |  |  |--+Повторное использование файла Z:\diplom\tech docs\тепловой анализ\Leader.par
|  |  |  |  |--+Повторное использование файла Z:\diplom\tech docs\тепловой анализ\Leader.par
|  |  |  |--+Всего деталей: 5
|  |  |  |--+Сборок: 1
|  |  |  |--+Твердых тел: 4
|  |  |  |--+Листовых тел: 0
|  |  |  |--+Сборка завершена: 5
|  |  |--+Всего деталей: 1
|  |  |--+Сборок: 1
|  |  |--+Твердых тел: 0
|  |  |--+Листовых тел: 0
|  |  |--+Сборка завершена: 4
|  |  |--+Сборка начата: 4
|  |  |--+Создание сборки SE Z:\diplom\tech docs\тепловой анализ\VT1.asm
|  |  |  |--+Сборка начата: 5
|  |  |  |--+Создание сборки SE Z:\diplom\tech docs\тепловой анализ\6126848576.asm
|  |  |  |  |--+Сборка начата: 6
|  |  |  |  |--+Повторное использование файла Z:\diplom\tech docs\тепловой анализ\Body.asm
|  |  |  |  |--+Всего деталей: 0
|  |  |  |  |--+Сборок: 0
|  |  |  |  |--+Твердых тел: 0
|  |  |  |  |--+Листовых тел: 0
|  |  |  |  |--+Сборка завершена: 6
|  |  |  |  |--+Повторное использование файла Z:\diplom\tech docs\тепловой анализ\Leader.par
|  |  |  |  |--+Повторное использование файла Z:\diplom\tech docs\тепловой анализ\Leader.par
|  |  |  |  |--+Повторное использование файла Z:\diplom\tech docs\тепловой анализ\Leader.par
|  |  |  |--+Всего деталей: 3
|  |  |  |--+Сборок: 0
|  |  |  |--+Твердых тел: 3
|  |  |  |--+Листовых тел: 0
|  |  |  |--+Сборка завершена: 5
|  |  |--+Всего деталей: 1
|  |  |--+Сборок: 1
|  |  |--+Твердых тел: 0
|  |  |--+Листовых тел: 0
|  |  |--+Сборка завершена: 4
|  |  |--+Сборка начата: 4
|  |  |--+Создание сборки SE Z:\diplom\tech docs\тепловой анализ\VD5.asm
|  |  |  |--+Создание детали SE Z:\diplom\tech docs\тепловой анализ\6212169440.par
|  |  |--+Всего деталей: 8
|  |  |--+Сборок: 0
|  |  |--+Твердых тел: 8
|  |  |--+Листовых тел: 0
|  |  |--+Сборка завершена: 4
|  |  |--+Сборка начата: 4
|  |  |--+Создание сборки SE Z:\diplom\tech docs\тепловой анализ\VD1.asm
|  |  |  |--+Сборка начата: 5
|  |  |  |--+Создание сборки SE Z:\diplom\tech docs\тепловой анализ\LED-0805-Green.asm
|  |  |  |  |--+Создание детали SE Z:\diplom\tech docs\тепловой анализ\Body.par
|  |  |  |  |--+Создание детали SE Z:\diplom\tech docs\тепловой анализ\Pads.par
|  |  |  |  |--+Создание детали SE Z:\diplom\tech docs\тепловой анализ\Glass.par
|  |  |  |  |--+Создание детали SE Z:\diplom\tech docs\тепловой анализ\Marks.par
|  |  |  |  |--+Создание детали SE Z:\diplom\tech docs\тепловой анализ\Chip.par
|  |  |  |--+Всего деталей: 10
|  |  |  |--+Сборок: 0
|  |  |  |--+Твердых тел: 10
|  |  |  |--+Листовых тел: 0
|  |  |  |--+Сборка завершена: 5
|  |  |--+Всего деталей: 1
|  |  |--+Сборок: 1
|  |  |--+Твердых тел: 0
|  |  |--+Листовых тел: 0
|  |  |--+Сборка завершена: 4
|  |  |--+Сборка начата: 4
|  |  |--+Создание сборки SE Z:\diplom\tech docs\тепловой анализ\VD4.asm
|  |  |  |--+Создание детали SE Z:\diplom\tech docs\тепловой анализ\6129478592.par
|  |  |--+Всего деталей: 8
|  |  |--+Сборок: 0
|  |  |--+Твердых тел: 8
|  |  |--+Листовых тел: 0
|  |  |--+Сборка завершена: 4
|  |  |--+Сборка начата: 4
|  |  |--+Создание сборки SE Z:\diplom\tech docs\тепловой анализ\VD2.asm
|  |  |  |--+Создание детали SE Z:\diplom\tech docs\тепловой анализ\6212175920.par
|  |  |--+Всего деталей: 8
|  |  |--+Сборок: 0
|  |  |--+Твердых тел: 8
|  |  |--+Листовых тел: 0
|  |  |--+Сборка завершена: 4
|  |  |--+Сборка начата: 4
|  |  |--+Создание сборки SE Z:\diplom\tech docs\тепловой анализ\VD3.asm
|  |  |  |--+Сборка начата: 5
|  |  |  |--+Создание сборки SE Z:\diplom\tech docs\тепловой анализ\SC-76A.asm
|  |  |  |  |--+Создание детали SE Z:\diplom\tech docs\тепловой анализ\Open CASCADE STEP translator 6.8 1.12.1.1.par
|  |  |  |  |--+Создание детали SE Z:\diplom\tech docs\тепловой анализ\Open CASCADE STEP translator 6.8 1.12.1.2.par
|  |  |  |--+Всего деталей: 6
|  |  |  |--+Сборок: 0
|  |  |  |--+Твердых тел: 6
|  |  |  |--+Листовых тел: 0
|  |  |  |--+Сборка завершена: 5
|  |  |--+Всего деталей: 1
|  |  |--+Сборок: 1
|  |  |--+Твердых тел: 0
|  |  |--+Листовых тел: 0
|  |  |--+Сборка завершена: 4
|  |  |--+Сборка начата: 4
|  |  |--+Создание сборки SE Z:\diplom\tech docs\тепловой анализ\SW1.asm
|  |  |  |--+Повторное использование файла Z:\diplom\tech docs\тепловой анализ\TS6-SMT_H-4.3.par
|  |  |--+Всего деталей: 7
|  |  |--+Сборок: 0
|  |  |--+Твердых тел: 7
|  |  |--+Листовых тел: 0
|  |  |--+Сборка завершена: 4
|  |  |--+Сборка начата: 4
|  |  |--+Создание сборки SE Z:\diplom\tech docs\тепловой анализ\R12.asm
|  |  |  |--+Создание детали SE Z:\diplom\tech docs\тепловой анализ\Resistor_smd_0805_1K_1%.par
|  |  |  |--+Создание детали SE Z:\diplom\tech docs\тепловой анализ\Resistor_smd_0805_1K_1%_0.par
|  |  |--+Всего деталей: 8
|  |  |--+Сборок: 0
|  |  |--+Твердых тел: 2
|  |  |--+Листовых тел: 6
|  |  |--+Сборка завершена: 4
|  |  |--+Сборка начата: 4
|  |  |--+Создание сборки SE Z:\diplom\tech docs\тепловой анализ\R11.asm
|  |  |  |--+Повторное использование файла Z:\diplom\tech docs\тепловой анализ\Resistor_smd_0805_1K_1%.par
|  |  |  |--+Повторное использование файла Z:\diplom\tech docs\тепловой анализ\Resistor_smd_0805_1K_1%.par
|  |  |--+Всего деталей: 4
|  |  |--+Сборок: 0
|  |  |--+Твердых тел: 1
|  |  |--+Листовых тел: 3
|  |  |--+Сборка завершена: 4
|  |  |--+Сборка начата: 4
|  |  |--+Создание сборки SE Z:\diplom\tech docs\тепловой анализ\R10.asm
|  |  |  |--+Повторное использование файла Z:\diplom\tech docs\тепловой анализ\Resistor_smd_0805_1K_1%.par
|  |  |  |--+Повторное использование файла Z:\diplom\tech docs\тепловой анализ\Resistor_smd_0805_1K_1%.par
|  |  |--+Всего деталей: 4
|  |  |--+Сборок: 0
|  |  |--+Твердых тел: 1
|  |  |--+Листовых тел: 3
|  |  |--+Сборка завершена: 4
|  |  |--+Сборка начата: 4
|  |  |--+Создание сборки SE Z:\diplom\tech docs\тепловой анализ\R9.asm
|  |  |  |--+Повторное использование файла Z:\diplom\tech docs\тепловой анализ\Resistor_smd_0805_1K_1%.par
|  |  |  |--+Повторное использование файла Z:\diplom\tech docs\тепловой анализ\Resistor_smd_0805_1K_1%.par
|  |  |--+Всего деталей: 4
|  |  |--+Сборок: 0
|  |  |--+Твердых тел: 1
|  |  |--+Листовых тел: 3
|  |  |--+Сборка завершена: 4
|  |  |--+Сборка начата: 4
|  |  |--+Создание сборки SE Z:\diplom\tech docs\тепловой анализ\R8.asm
|  |  |  |--+Повторное использование файла Z:\diplom\tech docs\тепловой анализ\Resistor_smd_0805_1K_1%.par
|  |  |  |--+Повторное использование файла Z:\diplom\tech docs\тепловой анализ\Resistor_smd_0805_1K_1%.par
|  |  |--+Всего деталей: 4
|  |  |--+Сборок: 0
|  |  |--+Твердых тел: 1
|  |  |--+Листовых тел: 3
|  |  |--+Сборка завершена: 4
|  |  |--+Сборка начата: 4
|  |  |--+Создание сборки SE Z:\diplom\tech docs\тепловой анализ\R7.asm
|  |  |  |--+Повторное использование файла Z:\diplom\tech docs\тепловой анализ\Resistor_smd_0805_1K_1%.par
|  |  |  |--+Повторное использование файла Z:\diplom\tech docs\тепловой анализ\Resistor_smd_0805_1K_1%.par
|  |  |--+Всего деталей: 4
|  |  |--+Сборок: 0
|  |  |--+Твердых тел: 1
|  |  |--+Листовых тел: 3
|  |  |--+Сборка завершена: 4
|  |  |--+Сборка начата: 4
|  |  |--+Создание сборки SE Z:\diplom\tech docs\тепловой анализ\R6.asm
|  |  |  |--+Повторное использование файла Z:\diplom\tech docs\тепловой анализ\Resistor_smd_0805_1K_1%.par
|  |  |  |--+Повторное использование файла Z:\diplom\tech docs\тепловой анализ\Resistor_smd_0805_1K_1%.par
|  |  |--+Всего деталей: 4
|  |  |--+Сборок: 0
|  |  |--+Твердых тел: 1
|  |  |--+Листовых тел: 3
|  |  |--+Сборка завершена: 4
|  |  |--+Сборка начата: 4
|  |  |--+Создание сборки SE Z:\diplom\tech docs\тепловой анализ\R5.asm
|  |  |  |--+Повторное использование файла Z:\diplom\tech docs\тепловой анализ\Resistor_smd_0805_1K_1%.par
|  |  |  |--+Повторное использование файла Z:\diplom\tech docs\тепловой анализ\Resistor_smd_0805_1K_1%.par
|  |  |--+Всего деталей: 4
|  |  |--+Сборок: 0
|  |  |--+Твердых тел: 1
|  |  |--+Листовых тел: 3
|  |  |--+Сборка завершена: 4
|  |  |--+Сборка начата: 4
|  |  |--+Создание сборки SE Z:\diplom\tech docs\тепловой анализ\R1.asm
|  |  |  |--+Повторное использование файла Z:\diplom\tech docs\тепловой анализ\Resistor_smd_0805_1K_1%.par
|  |  |  |--+Повторное использование файла Z:\diplom\tech docs\тепловой анализ\Resistor_smd_0805_1K_1%.par
|  |  |--+Всего деталей: 4
|  |  |--+Сборок: 0
|  |  |--+Твердых тел: 1
|  |  |--+Листовых тел: 3
|  |  |--+Сборка завершена: 4
|  |  |--+Сборка начата: 4
|  |  |--+Создание сборки SE Z:\diplom\tech docs\тепловой анализ\R4.asm
|  |  |  |--+Повторное использование файла Z:\diplom\tech docs\тепловой анализ\Resistor_smd_0805_1K_1%.par
|  |  |  |--+Повторное использование файла Z:\diplom\tech docs\тепловой анализ\Resistor_smd_0805_1K_1%.par
|  |  |--+Всего деталей: 4
|  |  |--+Сборок: 0
|  |  |--+Твердых тел: 1
|  |  |--+Листовых тел: 3
|  |  |--+Сборка завершена: 4
|  |  |--+Сборка начата: 4
|  |  |--+Создание сборки SE Z:\diplom\tech docs\тепловой анализ\R3.asm
|  |  |  |--+Повторное использование файла Z:\diplom\tech docs\тепловой анализ\Resistor_smd_0805_1K_1%.par
|  |  |  |--+Повторное использование файла Z:\diplom\tech docs\тепловой анализ\Resistor_smd_0805_1K_1%.par
|  |  |--+Всего деталей: 4
|  |  |--+Сборок: 0
|  |  |--+Твердых тел: 1
|  |  |--+Листовых тел: 3
|  |  |--+Сборка завершена: 4
|  |  |--+Сборка начата: 4
|  |  |--+Создание сборки SE Z:\diplom\tech docs\тепловой анализ\R2.asm
|  |  |  |--+Повторное использование файла Z:\diplom\tech docs\тепловой анализ\Resistor_smd_0805_1K_1%.par
|  |  |  |--+Повторное использование файла Z:\diplom\tech docs\тепловой анализ\Resistor_smd_0805_1K_1%.par
|  |  |--+Всего деталей: 4
|  |  |--+Сборок: 0
|  |  |--+Твердых тел: 1
|  |  |--+Листовых тел: 3
|  |  |--+Сборка завершена: 4
|  |  |--+Сборка начата: 4
|  |  |--+Создание сборки SE Z:\diplom\tech docs\тепловой анализ\DD2.asm
|  |  |  |--+Создание детали SE Z:\diplom\tech docs\тепловой анализ\CP2102.par
|  |  |--+Всего деталей: 62
|  |  |--+Сборок: 0
|  |  |--+Твердых тел: 62
|  |  |--+Листовых тел: 0
|  |  |--+Сборка завершена: 4
|  |  |--+Сборка начата: 4
|  |  |--+Создание сборки SE Z:\diplom\tech docs\тепловой анализ\DD3.asm
|  |  |  |--+Создание детали SE Z:\diplom\tech docs\тепловой анализ\6212169680.par
|  |  |--+Всего деталей: 52
|  |  |--+Сборок: 0
|  |  |--+Твердых тел: 52
|  |  |--+Листовых тел: 0
|  |  |--+Сборка завершена: 4
|  |  |--+Сборка начата: 4
|  |  |--+Создание сборки SE Z:\diplom\tech docs\тепловой анализ\DD1.asm
|  |  |  |--+Создание детали SE Z:\diplom\tech docs\тепловой анализ\6129479392.par
|  |  |--+Всего деталей: 104
|  |  |--+Сборок: 0
|  |  |--+Твердых тел: 104
|  |  |--+Листовых тел: 0
|  |  |--+Сборка завершена: 4
|  |  |--+Сборка начата: 4
|  |  |--+Создание сборки SE Z:\diplom\tech docs\тепловой анализ\DA1.asm
|  |  |  |--+Сборка начата: 5
|  |  |  |--+Повторное использование файла Z:\diplom\tech docs\тепловой анализ\6126846896.asm
|  |  |  |--+Всего деталей: 0
|  |  |  |--+Сборок: 0
|  |  |  |--+Твердых тел: 0
|  |  |  |--+Листовых тел: 0
|  |  |  |--+Сборка завершена: 5
|  |  |--+Всего деталей: 0
|  |  |--+Сборок: 0
|  |  |--+Твердых тел: 0
|  |  |--+Листовых тел: 0
|  |  |--+Сборка завершена: 4
|  |  |--+Сборка начата: 4
|  |  |--+Создание сборки SE Z:\diplom\tech docs\тепловой анализ\C12.asm
|  |  |  |--+Сборка начата: 5
|  |  |  |--+Создание сборки SE Z:\diplom\tech docs\тепловой анализ\L_0805.asm
|  |  |  |  |--+Создание детали SE Z:\diplom\tech docs\тепловой анализ\Pin1.par
|  |  |  |  |--+Создание детали SE Z:\diplom\tech docs\тепловой анализ\Pin2.par
|  |  |  |  |--+Создание детали SE Z:\diplom\tech docs\тепловой анализ\CeramicBody.par
|  |  |  |--+Всего деталей: 6
|  |  |  |--+Сборок: 0
|  |  |  |--+Твердых тел: 6
|  |  |  |--+Листовых тел: 0
|  |  |  |--+Сборка завершена: 5
|  |  |--+Всего деталей: 1
|  |  |--+Сборок: 1
|  |  |--+Твердых тел: 0
|  |  |--+Листовых тел: 0
|  |  |--+Сборка завершена: 4
|  |  |--+Сборка начата: 4
|  |  |--+Создание сборки SE Z:\diplom\tech docs\тепловой анализ\C10.asm
|  |  |  |--+Сборка начата: 5
|  |  |  |--+Повторное использование файла Z:\diplom\tech docs\тепловой анализ\L_0805.asm
|  |  |  |--+Всего деталей: 0
|  |  |  |--+Сборок: 0
|  |  |  |--+Твердых тел: 0
|  |  |  |--+Листовых тел: 0
|  |  |  |--+Сборка завершена: 5
|  |  |--+Всего деталей: 0
|  |  |--+Сборок: 0
|  |  |--+Твердых тел: 0
|  |  |--+Листовых тел: 0
|  |  |--+Сборка завершена: 4
|  |  |--+Сборка начата: 4
|  |  |--+Создание сборки SE Z:\diplom\tech docs\тепловой анализ\C11.asm
|  |  |  |--+Сборка начата: 5
|  |  |  |--+Повторное использование файла Z:\diplom\tech docs\тепловой анализ\L_0805.asm
|  |  |  |--+Всего деталей: 0
|  |  |  |--+Сборок: 0
|  |  |  |--+Твердых тел: 0
|  |  |  |--+Листовых тел: 0
|  |  |  |--+Сборка завершена: 5
|  |  |--+Всего деталей: 0
|  |  |--+Сборок: 0
|  |  |--+Твердых тел: 0
|  |  |--+Листовых тел: 0
|  |  |--+Сборка завершена: 4
|  |  |--+Сборка начата: 4
|  |  |--+Создание сборки SE Z:\diplom\tech docs\тепловой анализ\C9.asm
|  |  |  |--+Сборка начата: 5
|  |  |  |--+Повторное использование файла Z:\diplom\tech docs\тепловой анализ\L_0805.asm
|  |  |  |--+Всего деталей: 0
|  |  |  |--+Сборок: 0
|  |  |  |--+Твердых тел: 0
|  |  |  |--+Листовых тел: 0
|  |  |  |--+Сборка завершена: 5
|  |  |--+Всего деталей: 0
|  |  |--+Сборок: 0
|  |  |--+Твердых тел: 0
|  |  |--+Листовых тел: 0
|  |  |--+Сборка завершена: 4
|  |  |--+Сборка начата: 4
|  |  |--+Создание сборки SE Z:\diplom\tech docs\тепловой анализ\C8.asm
|  |  |  |--+Сборка начата: 5
|  |  |  |--+Повторное использование файла Z:\diplom\tech docs\тепловой анализ\L_0805.asm
|  |  |  |--+Всего деталей: 0
|  |  |  |--+Сборок: 0
|  |  |  |--+Твердых тел: 0
|  |  |  |--+Листовых тел: 0
|  |  |  |--+Сборка завершена: 5
|  |  |--+Всего деталей: 0
|  |  |--+Сборок: 0
|  |  |--+Твердых тел: 0
|  |  |--+Листовых тел: 0
|  |  |--+Сборка завершена: 4
|  |  |--+Сборка начата: 4
|  |  |--+Создание сборки SE Z:\diplom\tech docs\тепловой анализ\C7.asm
|  |  |  |--+Сборка начата: 5
|  |  |  |--+Повторное использование файла Z:\diplom\tech docs\тепловой анализ\L_0805.asm
|  |  |  |--+Всего деталей: 0
|  |  |  |--+Сборок: 0
|  |  |  |--+Твердых тел: 0
|  |  |  |--+Листовых тел: 0
|  |  |  |--+Сборка завершена: 5
|  |  |--+Всего деталей: 0
|  |  |--+Сборок: 0
|  |  |--+Твердых тел: 0
|  |  |--+Листовых тел: 0
|  |  |--+Сборка завершена: 4
|  |  |--+Сборка начата: 4
|  |  |--+Создание сборки SE Z:\diplom\tech docs\тепловой анализ\C1.asm
|  |  |  |--+Сборка начата: 5
|  |  |  |--+Повторное использование файла Z:\diplom\tech docs\тепловой анализ\L_0805.asm
|  |  |  |--+Всего деталей: 0
|  |  |  |--+Сборок: 0
|  |  |  |--+Твердых тел: 0
|  |  |  |--+Листовых тел: 0
|  |  |  |--+Сборка завершена: 5
|  |  |--+Всего деталей: 0
|  |  |--+Сборок: 0
|  |  |--+Твердых тел: 0
|  |  |--+Листовых тел: 0
|  |  |--+Сборка завершена: 4
|  |  |--+Сборка начата: 4
|  |  |--+Создание сборки SE Z:\diplom\tech docs\тепловой анализ\C3.asm
|  |  |  |--+Сборка начата: 5
|  |  |  |--+Повторное использование файла Z:\diplom\tech docs\тепловой анализ\L_0805.asm
|  |  |  |--+Всего деталей: 0
|  |  |  |--+Сборок: 0
|  |  |  |--+Твердых тел: 0
|  |  |  |--+Листовых тел: 0
|  |  |  |--+Сборка завершена: 5
|  |  |--+Всего деталей: 0
|  |  |--+Сборок: 0
|  |  |--+Твердых тел: 0
|  |  |--+Листовых тел: 0
|  |  |--+Сборка завершена: 4
|  |  |--+Сборка начата: 4
|  |  |--+Создание сборки SE Z:\diplom\tech docs\тепловой анализ\C6.asm
|  |  |  |--+Сборка начата: 5
|  |  |  |--+Повторное использование файла Z:\diplom\tech docs\тепловой анализ\L_0805.asm
|  |  |  |--+Всего деталей: 0
|  |  |  |--+Сборок: 0
|  |  |  |--+Твердых тел: 0
|  |  |  |--+Листовых тел: 0
|  |  |  |--+Сборка завершена: 5
|  |  |--+Всего деталей: 0
|  |  |--+Сборок: 0
|  |  |--+Твердых тел: 0
|  |  |--+Листовых тел: 0
|  |  |--+Сборка завершена: 4
|  |  |--+Сборка начата: 4
|  |  |--+Создание сборки SE Z:\diplom\tech docs\тепловой анализ\C4.asm
|  |  |  |--+Сборка начата: 5
|  |  |  |--+Повторное использование файла Z:\diplom\tech docs\тепловой анализ\L_0805.asm
|  |  |  |--+Всего деталей: 0
|  |  |  |--+Сборок: 0
|  |  |  |--+Твердых тел: 0
|  |  |  |--+Листовых тел: 0
|  |  |  |--+Сборка завершена: 5
|  |  |--+Всего деталей: 0
|  |  |--+Сборок: 0
|  |  |--+Твердых тел: 0
|  |  |--+Листовых тел: 0
|  |  |--+Сборка завершена: 4
|  |  |--+Сборка начата: 4
|  |  |--+Создание сборки SE Z:\diplom\tech docs\тепловой анализ\C2.asm
|  |  |  |--+Сборка начата: 5
|  |  |  |--+Повторное использование файла Z:\diplom\tech docs\тепловой анализ\L_0805.asm
|  |  |  |--+Всего деталей: 0
|  |  |  |--+Сборок: 0
|  |  |  |--+Твердых тел: 0
|  |  |  |--+Листовых тел: 0
|  |  |  |--+Сборка завершена: 5
|  |  |--+Всего деталей: 0
|  |  |--+Сборок: 0
|  |  |--+Твердых тел: 0
|  |  |--+Листовых тел: 0
|  |  |--+Сборка завершена: 4
|  |  |--+Сборка начата: 4
|  |  |--+Создание сборки SE Z:\diplom\tech docs\тепловой анализ\C5.asm
|  |  |  |--+Сборка начата: 5
|  |  |  |--+Повторное использование файла Z:\diplom\tech docs\тепловой анализ\L_0805.asm
|  |  |  |--+Всего деталей: 0
|  |  |  |--+Сборок: 0
|  |  |  |--+Твердых тел: 0
|  |  |  |--+Листовых тел: 0
|  |  |  |--+Сборка завершена: 5
|  |  |--+Всего деталей: 0
|  |  |--+Сборок: 0
|  |  |--+Твердых тел: 0
|  |  |--+Листовых тел: 0
|  |  |--+Сборка завершена: 4
|  |--+Всего деталей: 41
|  |--+Сборок: 41
|  |--+Твердых тел: 0
|  |--+Листовых тел: 0
|  |--+Сборка завершена: 3
|  |--+Создание детали SE Z:\diplom\tech docs\тепловой анализ\Li-Po 1200.par
|--+Всего деталей: 5
|--+Сборок: 1
|--+Твердых тел: 4
|--+Листовых тел: 0
|--+Сборка завершена: 2
|--+Сборка начата: 2
|--+Создание сборки SE Z:\diplom\tech docs\тепловой анализ\PCB_0.asm
|  |--+Сборка начата: 3
|  |--+Создание сборки SE Z:\diplom\tech docs\тепловой анализ\Board_0.asm
|  |  |--+Создание детали SE Z:\diplom\tech docs\тепловой анализ\Open CASCADE STEP translator 6.8 1.1.1_0.par
|  |--+Всего деталей: 2
|  |--+Сборок: 0
|  |--+Твердых тел: 2
|  |--+Листовых тел: 0
|  |--+Сборка завершена: 3
|  |--+Сборка начата: 3
|  |--+Создание сборки SE Z:\diplom\tech docs\тепловой анализ\XS1_0.asm
|  |  |--+Сборка начата: 4
|  |  |--+Создание сборки SE Z:\diplom\tech docs\тепловой анализ\JST_2.54X2P_0.asm
|  |  |  |--+Создание детали SE Z:\diplom\tech docs\тепловой анализ\JST_2p_0.par
|  |  |--+Всего деталей: 2
|  |  |--+Сборок: 0
|  |  |--+Твердых тел: 2
|  |  |--+Листовых тел: 0
|  |  |--+Сборка завершена: 4
|  |--+Всего деталей: 1
|  |--+Сборок: 1
|  |--+Твердых тел: 0
|  |--+Листовых тел: 0
|  |--+Сборка завершена: 3
|  |--+Сборка начата: 3
|  |--+Создание сборки SE Z:\diplom\tech docs\тепловой анализ\SW2_0.asm
|  |  |--+Сборка начата: 4
|  |  |--+Создание сборки SE Z:\diplom\tech docs\тепловой анализ\MTS-102-blue_0.asm
|  |  |  |--+Создание детали SE Z:\diplom\tech docs\тепловой анализ\MTS-1xx-Base_0.par
|  |  |  |--+Создание детали SE Z:\diplom\tech docs\тепловой анализ\MTS-1xx-Handle_0.par
|  |  |  |--+Создание детали SE Z:\diplom\tech docs\тепловой анализ\MTS-1xx-Contact_0.par
|  |  |  |--+Создание детали SE Z:\diplom\tech docs\тепловой анализ\MTS-1xx-Pin_0.par
|  |  |  |--+Создание детали SE Z:\diplom\tech docs\тепловой анализ\MTS-1xx-Terminal3_0.par
|  |  |  |--+Создание детали SE Z:\diplom\tech docs\тепловой анализ\MTS-1xx-Housing_0.par
|  |  |--+Всего деталей: 26
|  |  |--+Сборок: 0
|  |  |--+Твердых тел: 26
|  |  |--+Листовых тел: 0
|  |  |--+Сборка завершена: 4
|  |--+Всего деталей: 1
|  |--+Сборок: 1
|  |--+Твердых тел: 0
|  |--+Листовых тел: 0
|  |--+Сборка завершена: 3
|  |--+Сборка начата: 3
|  |--+Создание сборки SE Z:\diplom\tech docs\тепловой анализ\SW3_0.asm
|  |  |--+Создание детали SE Z:\diplom\tech docs\тепловой анализ\TS6-SMT_H-4.3_0.par
|  |--+Всего деталей: 14
|  |--+Сборок: 0
|  |--+Твердых тел: 14
|  |--+Листовых тел: 0
|  |--+Сборка завершена: 3
|  |--+Сборка начата: 3
|  |--+Создание сборки SE Z:\diplom\tech docs\тепловой анализ\XS2_0.asm
|  |  |--+Создание детали SE Z:\diplom\tech docs\тепловой анализ\FCI_10118192_0.par
|  |--+Всего деталей: 12
|  |--+Сборок: 0
|  |--+Твердых тел: 2
|  |--+Листовых тел: 10
|  |--+Сборка завершена: 3
|  |--+Сборка начата: 3
|  |--+Создание сборки SE Z:\diplom\tech docs\тепловой анализ\VT2_0.asm
|  |  |--+Сборка начата: 4
|  |  |--+Создание сборки SE Z:\diplom\tech docs\тепловой анализ\6126846896_0.asm
|  |  |  |--+Сборка начата: 5
|  |  |  |--+Создание сборки SE Z:\diplom\tech docs\тепловой анализ\Body_0.asm
|  |  |  |  |--+Создание детали SE Z:\diplom\tech docs\тепловой анализ\Open_CASCADE_STEP_translator_6.8_8.1.1_0.par
|  |  |  |--+Всего деталей: 2
|  |  |  |--+Сборок: 0
|  |  |  |--+Твердых тел: 2
|  |  |  |--+Листовых тел: 0
|  |  |  |--+Сборка завершена: 5
|  |  |  |--+Создание детали SE Z:\diplom\tech docs\тепловой анализ\Leader_0.par
|  |  |  |--+Повторное использование файла Z:\diplom\tech docs\тепловой анализ\Leader.par
|  |  |  |--+Повторное использование файла Z:\diplom\tech docs\тепловой анализ\Leader.par
|  |  |--+Всего деталей: 5
|  |  |--+Сборок: 1
|  |  |--+Твердых тел: 4
|  |  |--+Листовых тел: 0
|  |  |--+Сборка завершена: 4
|  |--+Всего деталей: 1
|  |--+Сборок: 1
|  |--+Твердых тел: 0
|  |--+Листовых тел: 0
|  |--+Сборка завершена: 3
|  |--+Сборка начата: 3
|  |--+Создание сборки SE Z:\diplom\tech docs\тепловой анализ\VT1_0.asm
|  |  |--+Сборка начата: 4
|  |  |--+Создание сборки SE Z:\diplom\tech docs\тепловой анализ\6126848576_0.asm
|  |  |  |--+Сборка начата: 5
|  |  |  |--+Повторное использование файла Z:\diplom\tech docs\тепловой анализ\Body.asm
|  |  |  |--+Всего деталей: 0
|  |  |  |--+Сборок: 0
|  |  |  |--+Твердых тел: 0
|  |  |  |--+Листовых тел: 0
|  |  |  |--+Сборка завершена: 5
|  |  |  |--+Повторное использование файла Z:\diplom\tech docs\тепловой анализ\Leader.par
|  |  |  |--+Повторное использование файла Z:\diplom\tech docs\тепловой анализ\Leader.par
|  |  |  |--+Повторное использование файла Z:\diplom\tech docs\тепловой анализ\Leader.par
|  |  |--+Всего деталей: 3
|  |  |--+Сборок: 0
|  |  |--+Твердых тел: 3
|  |  |--+Листовых тел: 0
|  |  |--+Сборка завершена: 4
|  |--+Всего деталей: 1
|  |--+Сборок: 1
|  |--+Твердых тел: 0
|  |--+Листовых тел: 0
|  |--+Сборка завершена: 3
|  |--+Сборка начата: 3
|  |--+Создание сборки SE Z:\diplom\tech docs\тепловой анализ\VD5_0.asm
|  |  |--+Создание детали SE Z:\diplom\tech docs\тепловой анализ\6212169440_0.par
|  |--+Всего деталей: 8
|  |--+Сборок: 0
|  |--+Твердых тел: 8
|  |--+Листовых тел: 0
|  |--+Сборка завершена: 3
|  |--+Сборка начата: 3
|  |--+Создание сборки SE Z:\diplom\tech docs\тепловой анализ\VD1_0.asm
|  |  |--+Сборка начата: 4
|  |  |--+Создание сборки SE Z:\diplom\tech docs\тепловой анализ\LED-0805-Green_0.asm
|  |  |  |--+Создание детали SE Z:\diplom\tech docs\тепловой анализ\Body_0.par
|  |  |  |--+Создание детали SE Z:\diplom\tech docs\тепловой анализ\Pads_0.par
|  |  |  |--+Создание детали SE Z:\diplom\tech docs\тепловой анализ\Glass_0.par
|  |  |  |--+Создание детали SE Z:\diplom\tech docs\тепловой анализ\Marks_0.par
|  |  |  |--+Создание детали SE Z:\diplom\tech docs\тепловой анализ\Chip_0.par
|  |  |--+Всего деталей: 10
|  |  |--+Сборок: 0
|  |  |--+Твердых тел: 10
|  |  |--+Листовых тел: 0
|  |  |--+Сборка завершена: 4
|  |--+Всего деталей: 1
|  |--+Сборок: 1
|  |--+Твердых тел: 0
|  |--+Листовых тел: 0
|  |--+Сборка завершена: 3
|  |--+Сборка начата: 3
|  |--+Создание сборки SE Z:\diplom\tech docs\тепловой анализ\VD4_0.asm
|  |  |--+Создание детали SE Z:\diplom\tech docs\тепловой анализ\6129478592_0.par
|  |--+Всего деталей: 8
|  |--+Сборок: 0
|  |--+Твердых тел: 8
|  |--+Листовых тел: 0
|  |--+Сборка завершена: 3
|  |--+Сборка начата: 3
|  |--+Создание сборки SE Z:\diplom\tech docs\тепловой анализ\VD2_0.asm
|  |  |--+Создание детали SE Z:\diplom\tech docs\тепловой анализ\6212175920_0.par
|  |--+Всего деталей: 8
|  |--+Сборок: 0
|  |--+Твердых тел: 8
|  |--+Листовых тел: 0
|  |--+Сборка завершена: 3
|  |--+Сборка начата: 3
|  |--+Создание сборки SE Z:\diplom\tech docs\тепловой анализ\VD3_0.asm
|  |  |--+Сборка начата: 4
|  |  |--+Создание сборки SE Z:\diplom\tech docs\тепловой анализ\SC-76A_0.asm
|  |  |  |--+Создание детали SE Z:\diplom\tech docs\тепловой анализ\Open CASCADE STEP translator 6.8 1.12.1.1_0.par
|  |  |  |--+Создание детали SE Z:\diplom\tech docs\тепловой анализ\Open CASCADE STEP translator 6.8 1.12.1.2_0.par
|  |  |--+Всего деталей: 6
|  |  |--+Сборок: 0
|  |  |--+Твердых тел: 6
|  |  |--+Листовых тел: 0
|  |  |--+Сборка завершена: 4
|  |--+Всего деталей: 1
|  |--+Сборок: 1
|  |--+Твердых тел: 0
|  |--+Листовых тел: 0
|  |--+Сборка завершена: 3
|  |--+Сборка начата: 3
|  |--+Создание сборки SE Z:\diplom\tech docs\тепловой анализ\SW1_0.asm
|  |  |--+Повторное использование файла Z:\diplom\tech docs\тепловой анализ\TS6-SMT_H-4.3.par
|  |--+Всего деталей: 7
|  |--+Сборок: 0
|  |--+Твердых тел: 7
|  |--+Листовых тел: 0
|  |--+Сборка завершена: 3
|  |--+Сборка начата: 3
|  |--+Создание сборки SE Z:\diplom\tech docs\тепловой анализ\R12_0.asm
|  |  |--+Создание детали SE Z:\diplom\tech docs\тепловой анализ\Resistor_smd_0805_1K_1%_1.par
|  |  |--+Создание детали SE Z:\diplom\tech docs\тепловой анализ\Resistor_smd_0805_1K_1%_2.par
|  |--+Всего деталей: 8
|  |--+Сборок: 0
|  |--+Твердых тел: 2
|  |--+Листовых тел: 6
|  |--+Сборка завершена: 3
|  |--+Сборка начата: 3
|  |--+Создание сборки SE Z:\diplom\tech docs\тепловой анализ\R11_0.asm
|  |  |--+Повторное использование файла Z:\diplom\tech docs\тепловой анализ\Resistor_smd_0805_1K_1%.par
|  |  |--+Повторное использование файла Z:\diplom\tech docs\тепловой анализ\Resistor_smd_0805_1K_1%.par
|  |--+Всего деталей: 4
|  |--+Сборок: 0
|  |--+Твердых тел: 1
|  |--+Листовых тел: 3
|  |--+Сборка завершена: 3
|  |--+Сборка начата: 3
|  |--+Создание сборки SE Z:\diplom\tech docs\тепловой анализ\R10_0.asm
|  |  |--+Повторное использование файла Z:\diplom\tech docs\тепловой анализ\Resistor_smd_0805_1K_1%.par
|  |  |--+Повторное использование файла Z:\diplom\tech docs\тепловой анализ\Resistor_smd_0805_1K_1%.par
|  |--+Всего деталей: 4
|  |--+Сборок: 0
|  |--+Твердых тел: 1
|  |--+Листовых тел: 3
|  |--+Сборка завершена: 3
|  |--+Сборка начата: 3
|  |--+Создание сборки SE Z:\diplom\tech docs\тепловой анализ\R9_0.asm
|  |  |--+Повторное использование файла Z:\diplom\tech docs\тепловой анализ\Resistor_smd_0805_1K_1%.par
|  |  |--+Повторное использование файла Z:\diplom\tech docs\тепловой анализ\Resistor_smd_0805_1K_1%.par
|  |--+Всего деталей: 4
|  |--+Сборок: 0
|  |--+Твердых тел: 1
|  |--+Листовых тел: 3
|  |--+Сборка завершена: 3
|  |--+Сборка начата: 3
|  |--+Создание сборки SE Z:\diplom\tech docs\тепловой анализ\R8_0.asm
|  |  |--+Повторное использование файла Z:\diplom\tech docs\тепловой анализ\Resistor_smd_0805_1K_1%.par
|  |  |--+Повторное использование файла Z:\diplom\tech docs\тепловой анализ\Resistor_smd_0805_1K_1%.par
|  |--+Всего деталей: 4
|  |--+Сборок: 0
|  |--+Твердых тел: 1
|  |--+Листовых тел: 3
|  |--+Сборка завершена: 3
|  |--+Сборка начата: 3
|  |--+Создание сборки SE Z:\diplom\tech docs\тепловой анализ\R7_0.asm
|  |  |--+Повторное использование файла Z:\diplom\tech docs\тепловой анализ\Resistor_smd_0805_1K_1%.par
|  |  |--+Повторное использование файла Z:\diplom\tech docs\тепловой анализ\Resistor_smd_0805_1K_1%.par
|  |--+Всего деталей: 4
|  |--+Сборок: 0
|  |--+Твердых тел: 1
|  |--+Листовых тел: 3
|  |--+Сборка завершена: 3
|  |--+Сборка начата: 3
|  |--+Создание сборки SE Z:\diplom\tech docs\тепловой анализ\R6_0.asm
|  |  |--+Повторное использование файла Z:\diplom\tech docs\тепловой анализ\Resistor_smd_0805_1K_1%.par
|  |  |--+Повторное использование файла Z:\diplom\tech docs\тепловой анализ\Resistor_smd_0805_1K_1%.par
|  |--+Всего деталей: 4
|  |--+Сборок: 0
|  |--+Твердых тел: 1
|  |--+Листовых тел: 3
|  |--+Сборка завершена: 3
|  |--+Сборка начата: 3
|  |--+Создание сборки SE Z:\diplom\tech docs\тепловой анализ\R5_0.asm
|  |  |--+Повторное использование файла Z:\diplom\tech docs\тепловой анализ\Resistor_smd_0805_1K_1%.par
|  |  |--+Повторное использование файла Z:\diplom\tech docs\тепловой анализ\Resistor_smd_0805_1K_1%.par
|  |--+Всего деталей: 4
|  |--+Сборок: 0
|  |--+Твердых тел: 1
|  |--+Листовых тел: 3
|  |--+Сборка завершена: 3
|  |--+Сборка начата: 3
|  |--+Создание сборки SE Z:\diplom\tech docs\тепловой анализ\R1_0.asm
|  |  |--+Повторное использование файла Z:\diplom\tech docs\тепловой анализ\Resistor_smd_0805_1K_1%.par
|  |  |--+Повторное использование файла Z:\diplom\tech docs\тепловой анализ\Resistor_smd_0805_1K_1%.par
|  |--+Всего деталей: 4
|  |--+Сборок: 0
|  |--+Твердых тел: 1
|  |--+Листовых тел: 3
|  |--+Сборка завершена: 3
|  |--+Сборка начата: 3
|  |--+Создание сборки SE Z:\diplom\tech docs\тепловой анализ\R4_0.asm
|  |  |--+Повторное использование файла Z:\diplom\tech docs\тепловой анализ\Resistor_smd_0805_1K_1%.par
|  |  |--+Повторное использование файла Z:\diplom\tech docs\тепловой анализ\Resistor_smd_0805_1K_1%.par
|  |--+Всего деталей: 4
|  |--+Сборок: 0
|  |--+Твердых тел: 1
|  |--+Листовых тел: 3
|  |--+Сборка завершена: 3
|  |--+Сборка начата: 3
|  |--+Создание сборки SE Z:\diplom\tech docs\тепловой анализ\R3_0.asm
|  |  |--+Повторное использование файла Z:\diplom\tech docs\тепловой анализ\Resistor_smd_0805_1K_1%.par
|  |  |--+Повторное использование файла Z:\diplom\tech docs\тепловой анализ\Resistor_smd_0805_1K_1%.par
|  |--+Всего деталей: 4
|  |--+Сборок: 0
|  |--+Твердых тел: 1
|  |--+Листовых тел: 3
|  |--+Сборка завершена: 3
|  |--+Сборка начата: 3
|  |--+Создание сборки SE Z:\diplom\tech docs\тепловой анализ\R2_0.asm
|  |  |--+Повторное использование файла Z:\diplom\tech docs\тепловой анализ\Resistor_smd_0805_1K_1%.par
|  |  |--+Повторное использование файла Z:\diplom\tech docs\тепловой анализ\Resistor_smd_0805_1K_1%.par
|  |--+Всего деталей: 4
|  |--+Сборок: 0
|  |--+Твердых тел: 1
|  |--+Листовых тел: 3
|  |--+Сборка завершена: 3
|  |--+Сборка начата: 3
|  |--+Создание сборки SE Z:\diplom\tech docs\тепловой анализ\DD2_0.asm
|  |  |--+Создание детали SE Z:\diplom\tech docs\тепловой анализ\CP2102_0.par
|  |--+Всего деталей: 62
|  |--+Сборок: 0
|  |--+Твердых тел: 62
|  |--+Листовых тел: 0
|  |--+Сборка завершена: 3
|  |--+Сборка начата: 3
|  |--+Создание сборки SE Z:\diplom\tech docs\тепловой анализ\DD3_0.asm
|  |  |--+Создание детали SE Z:\diplom\tech docs\тепловой анализ\6212169680_0.par
|  |--+Всего деталей: 52
|  |--+Сборок: 0
|  |--+Твердых тел: 52
|  |--+Листовых тел: 0
|  |--+Сборка завершена: 3
|  |--+Сборка начата: 3
|  |--+Создание сборки SE Z:\diplom\tech docs\тепловой анализ\DD1_0.asm
|  |  |--+Создание детали SE Z:\diplom\tech docs\тепловой анализ\6129479392_0.par
|  |--+Всего деталей: 104
|  |--+Сборок: 0
|  |--+Твердых тел: 104
|  |--+Листовых тел: 0
|  |--+Сборка завершена: 3
|  |--+Сборка начата: 3
|  |--+Создание сборки SE Z:\diplom\tech docs\тепловой анализ\DA1_0.asm
|  |  |--+Сборка начата: 4
|  |  |--+Повторное использование файла Z:\diplom\tech docs\тепловой анализ\6126846896.asm
|  |  |--+Всего деталей: 0
|  |  |--+Сборок: 0
|  |  |--+Твердых тел: 0
|  |  |--+Листовых тел: 0
|  |  |--+Сборка завершена: 4
|  |--+Всего деталей: 0
|  |--+Сборок: 0
|  |--+Твердых тел: 0
|  |--+Листовых тел: 0
|  |--+Сборка завершена: 3
|  |--+Сборка начата: 3
|  |--+Создание сборки SE Z:\diplom\tech docs\тепловой анализ\C12_0.asm
|  |  |--+Сборка начата: 4
|  |  |--+Создание сборки SE Z:\diplom\tech docs\тепловой анализ\L_0805_0.asm
|  |  |  |--+Создание детали SE Z:\diplom\tech docs\тепловой анализ\Pin1_0.par
|  |  |  |--+Создание детали SE Z:\diplom\tech docs\тепловой анализ\Pin2_0.par
|  |  |  |--+Создание детали SE Z:\diplom\tech docs\тепловой анализ\CeramicBody_0.par
|  |  |--+Всего деталей: 6
|  |  |--+Сборок: 0
|  |  |--+Твердых тел: 6
|  |  |--+Листовых тел: 0
|  |  |--+Сборка завершена: 4
|  |--+Всего деталей: 1
|  |--+Сборок: 1
|  |--+Твердых тел: 0
|  |--+Листовых тел: 0
|  |--+Сборка завершена: 3
|  |--+Сборка начата: 3
|  |--+Создание сборки SE Z:\diplom\tech docs\тепловой анализ\C10_0.asm
|  |  |--+Сборка начата: 4
|  |  |--+Повторное использование файла Z:\diplom\tech docs\тепловой анализ\L_0805.asm
|  |  |--+Всего деталей: 0
|  |  |--+Сборок: 0
|  |  |--+Твердых тел: 0
|  |  |--+Листовых тел: 0
|  |  |--+Сборка завершена: 4
|  |--+Всего деталей: 0
|  |--+Сборок: 0
|  |--+Твердых тел: 0
|  |--+Листовых тел: 0
|  |--+Сборка завершена: 3
|  |--+Сборка начата: 3
|  |--+Создание сборки SE Z:\diplom\tech docs\тепловой анализ\C11_0.asm
|  |  |--+Сборка начата: 4
|  |  |--+Повторное использование файла Z:\diplom\tech docs\тепловой анализ\L_0805.asm
|  |  |--+Всего деталей: 0
|  |  |--+Сборок: 0
|  |  |--+Твердых тел: 0
|  |  |--+Листовых тел: 0
|  |  |--+Сборка завершена: 4
|  |--+Всего деталей: 0
|  |--+Сборок: 0
|  |--+Твердых тел: 0
|  |--+Листовых тел: 0
|  |--+Сборка завершена: 3
|  |--+Сборка начата: 3
|  |--+Создание сборки SE Z:\diplom\tech docs\тепловой анализ\C9_0.asm
|  |  |--+Сборка начата: 4
|  |  |--+Повторное использование файла Z:\diplom\tech docs\тепловой анализ\L_0805.asm
|  |  |--+Всего деталей: 0
|  |  |--+Сборок: 0
|  |  |--+Твердых тел: 0
|  |  |--+Листовых тел: 0
|  |  |--+Сборка завершена: 4
|  |--+Всего деталей: 0
|  |--+Сборок: 0
|  |--+Твердых тел: 0
|  |--+Листовых тел: 0
|  |--+Сборка завершена: 3
|  |--+Сборка начата: 3
|  |--+Создание сборки SE Z:\diplom\tech docs\тепловой анализ\C8_0.asm
|  |  |--+Сборка начата: 4
|  |  |--+Повторное использование файла Z:\diplom\tech docs\тепловой анализ\L_0805.asm
|  |  |--+Всего деталей: 0
|  |  |--+Сборок: 0
|  |  |--+Твердых тел: 0
|  |  |--+Листовых тел: 0
|  |  |--+Сборка завершена: 4
|  |--+Всего деталей: 0
|  |--+Сборок: 0
|  |--+Твердых тел: 0
|  |--+Листовых тел: 0
|  |--+Сборка завершена: 3
|  |--+Сборка начата: 3
|  |--+Создание сборки SE Z:\diplom\tech docs\тепловой анализ\C7_0.asm
|  |  |--+Сборка начата: 4
|  |  |--+Повторное использование файла Z:\diplom\tech docs\тепловой анализ\L_0805.asm
|  |  |--+Всего деталей: 0
|  |  |--+Сборок: 0
|  |  |--+Твердых тел: 0
|  |  |--+Листовых тел: 0
|  |  |--+Сборка завершена: 4
|  |--+Всего деталей: 0
|  |--+Сборок: 0
|  |--+Твердых тел: 0
|  |--+Листовых тел: 0
|  |--+Сборка завершена: 3
|  |--+Сборка начата: 3
|  |--+Создание сборки SE Z:\diplom\tech docs\тепловой анализ\C1_0.asm
|  |  |--+Сборка начата: 4
|  |  |--+Повторное использование файла Z:\diplom\tech docs\тепловой анализ\L_0805.asm
|  |  |--+Всего деталей: 0
|  |  |--+Сборок: 0
|  |  |--+Твердых тел: 0
|  |  |--+Листовых тел: 0
|  |  |--+Сборка завершена: 4
|  |--+Всего деталей: 0
|  |--+Сборок: 0
|  |--+Твердых тел: 0
|  |--+Листовых тел: 0
|  |--+Сборка завершена: 3
|  |--+Сборка начата: 3
|  |--+Создание сборки SE Z:\diplom\tech docs\тепловой анализ\C3_0.asm
|  |  |--+Сборка начата: 4
|  |  |--+Повторное использование файла Z:\diplom\tech docs\тепловой анализ\L_0805.asm
|  |  |--+Всего деталей: 0
|  |  |--+Сборок: 0
|  |  |--+Твердых тел: 0
|  |  |--+Листовых тел: 0
|  |  |--+Сборка завершена: 4
|  |--+Всего деталей: 0
|  |--+Сборок: 0
|  |--+Твердых тел: 0
|  |--+Листовых тел: 0
|  |--+Сборка завершена: 3
|  |--+Сборка начата: 3
|  |--+Создание сборки SE Z:\diplom\tech docs\тепловой анализ\C6_0.asm
|  |  |--+Сборка начата: 4
|  |  |--+Повторное использование файла Z:\diplom\tech docs\тепловой анализ\L_0805.asm
|  |  |--+Всего деталей: 0
|  |  |--+Сборок: 0
|  |  |--+Твердых тел: 0
|  |  |--+Листовых тел: 0
|  |  |--+Сборка завершена: 4
|  |--+Всего деталей: 0
|  |--+Сборок: 0
|  |--+Твердых тел: 0
|  |--+Листовых тел: 0
|  |--+Сборка завершена: 3
|  |--+Сборка начата: 3
|  |--+Создание сборки SE Z:\diplom\tech docs\тепловой анализ\C4_0.asm
|  |  |--+Сборка начата: 4
|  |  |--+Повторное использование файла Z:\diplom\tech docs\тепловой анализ\L_0805.asm
|  |  |--+Всего деталей: 0
|  |  |--+Сборок: 0
|  |  |--+Твердых тел: 0
|  |  |--+Листовых тел: 0
|  |  |--+Сборка завершена: 4
|  |--+Всего деталей: 0
|  |--+Сборок: 0
|  |--+Твердых тел: 0
|  |--+Листовых тел: 0
|  |--+Сборка завершена: 3
|  |--+Сборка начата: 3
|  |--+Создание сборки SE Z:\diplom\tech docs\тепловой анализ\C2_0.asm
|  |  |--+Сборка начата: 4
|  |  |--+Повторное использование файла Z:\diplom\tech docs\тепловой анализ\L_0805.asm
|  |  |--+Всего деталей: 0
|  |  |--+Сборок: 0
|  |  |--+Твердых тел: 0
|  |  |--+Листовых тел: 0
|  |  |--+Сборка завершена: 4
|  |--+Всего деталей: 0
|  |--+Сборок: 0
|  |--+Твердых тел: 0
|  |--+Листовых тел: 0
|  |--+Сборка завершена: 3
|  |--+Сборка начата: 3
|  |--+Создание сборки SE Z:\diplom\tech docs\тепловой анализ\C5_0.asm
|  |  |--+Сборка начата: 4
|  |  |--+Повторное использование файла Z:\diplom\tech docs\тепловой анализ\L_0805.asm
|  |  |--+Всего деталей: 0
|  |  |--+Сборок: 0
|  |  |--+Твердых тел: 0
|  |  |--+Листовых тел: 0
|  |  |--+Сборка завершена: 4
|  |--+Всего деталей: 0
|  |--+Сборок: 0
|  |--+Твердых тел: 0
|  |--+Листовых тел: 0
|  |--+Сборка завершена: 3
|--+Всего деталей: 41
|--+Сборок: 41
|--+Твердых тел: 0
|--+Листовых тел: 0
|--+Сборка завершена: 2
|--+Создание детали SE Z:\diplom\tech docs\тепловой анализ\Деталь_0.par
|--+Создание детали SE Z:\diplom\tech docs\тепловой анализ\Винт 3-7-Бп-ОСТ 1 31503-80.par
|--+Повторное использование файла Z:\diplom\tech docs\тепловой анализ\Винт 3-7-Бп-ОСТ 1 31503-80.par
|--+Повторное использование файла Z:\diplom\tech docs\тепловой анализ\Винт 3-7-Бп-ОСТ 1 31503-80.par
|--+Повторное использование файла Z:\diplom\tech docs\тепловой анализ\Винт 3-7-Бп-ОСТ 1 31503-80.par
|--+Повторное использование файла Z:\diplom\tech docs\тепловой анализ\Винт 3-7-Бп-ОСТ 1 31503-80.par
|--+Повторное использование файла Z:\diplom\tech docs\тепловой анализ\Винт 3-7-Бп-ОСТ 1 31503-80.par
|--+Повторное использование файла Z:\diplom\tech docs\тепловой анализ\Винт 3-7-Бп-ОСТ 1 31503-80.par
|--+Повторное использование файла Z:\diplom\tech docs\тепловой анализ\Винт 3-7-Бп-ОСТ 1 31503-80.par
|--+Создание детали SE Z:\diplom\tech docs\тепловой анализ\Li-Po 1200_0.par
+Всего деталей: 15
+Сборок: 2
+Твердых тел: 13
+Листовых тел: 0
+Сборка завершена: 1
Процесс преобразования завершен
Общее необходимое время для преобразования и постпроцессора:00 : 00 : 52
